# JRE version: Java(TM) SE Runtime Environment 18.9 (11.0.12+8) (build 11.0.12+8-LTS-237)
# Java VM: Java HotSpot(TM) 64-Bit Server VM 18.9 (11.0.12+8-LTS-237, mixed mode, tiered, compressed oops, g1 gc, windows-amd64)
Heap:
 garbage-first heap   total 95232K, used 57268K [0x00000000c1200000, 0x0000000100000000)
  region size 1024K, 36 young (36864K), 5 survivors (5120K)
 Metaspace       used 72739K, capacity 74661K, committed 75044K, reserved 1114112K
  class space    used 9391K, capacity 10188K, committed 10316K, reserved 1048576K
GC Heap History (10 events):
Event: 7.652 GC heap before
{Heap before GC invocations=15 (full 0):
 garbage-first heap   total 78848K, used 55393K [0x00000000c1200000, 0x0000000100000000)
  region size 1024K, 43 young (44032K), 4 survivors (4096K)
 Metaspace       used 41502K, capacity 42749K, committed 42880K, reserved 1087488K
  class space    used 5031K, capacity 5561K, committed 5632K, reserved 1048576K
}
Event: 7.659 GC heap after
{Heap after GC invocations=16 (full 0):
 garbage-first heap   total 95232K, used 17538K [0x00000000c1200000, 0x0000000100000000)
  region size 1024K, 4 young (4096K), 4 survivors (4096K)
 Metaspace       used 41502K, capacity 42749K, committed 42880K, reserved 1087488K
  class space    used 5031K, capacity 5561K, committed 5632K, reserved 1048576K
}
Event: 10.411 GC heap before
{Heap before GC invocations=17 (full 0):
 garbage-first heap   total 95232K, used 67714K [0x00000000c1200000, 0x0000000100000000)
  region size 1024K, 53 young (54272K), 4 survivors (4096K)
 Metaspace       used 52418K, capacity 53787K, committed 54016K, reserved 1095680K
  class space    used 6563K, capacity 7127K, committed 7168K, reserved 1048576K
}
Event: 10.423 GC heap after
{Heap after GC invocations=18 (full 0):
 garbage-first heap   total 95232K, used 20882K [0x00000000c1200000, 0x0000000100000000)
  region size 1024K, 7 young (7168K), 7 survivors (7168K)
 Metaspace       used 52418K, capacity 53787K, committed 54016K, reserved 1095680K
  class space    used 6563K, capacity 7127K, committed 7168K, reserved 1048576K
}
Event: 11.258 GC heap before
{Heap before GC invocations=18 (full 0):
 garbage-first heap   total 95232K, used 70034K [0x00000000c1200000, 0x0000000100000000)
  region size 1024K, 55 young (56320K), 7 survivors (7168K)
 Metaspace       used 56541K, capacity 58009K, committed 58112K, reserved 1099776K
  class space    used 7077K, capacity 7654K, committed 7680K, reserved 1048576K
}
Event: 11.270 GC heap after
{Heap after GC invocations=19 (full 0):
 garbage-first heap   total 95232K, used 22683K [0x00000000c1200000, 0x0000000100000000)
  region size 1024K, 2 young (2048K), 2 survivors (2048K)
 Metaspace       used 56541K, capacity 58009K, committed 58112K, reserved 1099776K
  class space    used 7077K, capacity 7654K, committed 7680K, reserved 1048576K
}
Event: 13.009 GC heap before
{Heap before GC invocations=19 (full 0):
 garbage-first heap   total 95232K, used 72859K [0x00000000c1200000, 0x0000000100000000)
  region size 1024K, 51 young (52224K), 2 survivors (2048K)
 Metaspace       used 65906K, capacity 67591K, committed 67712K, reserved 1107968K
  class space    used 8391K, capacity 9058K, committed 9088K, reserved 1048576K
}
Event: 13.017 GC heap after
{Heap after GC invocations=20 (full 0):
 garbage-first heap   total 95232K, used 24439K [0x00000000c1200000, 0x0000000100000000)
  region size 1024K, 4 young (4096K), 4 survivors (4096K)
 Metaspace       used 65906K, capacity 67591K, committed 67712K, reserved 1107968K
  class space    used 8391K, capacity 9058K, committed 9088K, reserved 1048576K
}
Event: 13.921 GC heap before
{Heap before GC invocations=20 (full 0):
 garbage-first heap   total 95232K, used 62327K [0x00000000c1200000, 0x0000000100000000)
  region size 1024K, 42 young (43008K), 4 survivors (4096K)
 Metaspace       used 70019K, capacity 71782K, committed 71896K, reserved 1112064K
  class space    used 8974K, capacity 9684K, committed 9728K, reserved 1048576K
}
Event: 13.932 GC heap after
{Heap after GC invocations=21 (full 0):
 garbage-first heap   total 95232K, used 26548K [0x00000000c1200000, 0x0000000100000000)
  region size 1024K, 5 young (5120K), 5 survivors (5120K)
 Metaspace       used 70019K, capacity 71782K, committed 71896K, reserved 1112064K
  class space    used 8974K, capacity 9684K, committed 9728K, reserved 1048576K
}

