# JRE version: Java(TM) SE Runtime Environment 18.9 (11.0.12+8) (build 11.0.12+8-LTS-237)
# Java VM: Java HotSpot(TM) 64-Bit Server VM 18.9 (11.0.12+8-LTS-237, mixed mode, tiered, compressed oops, parallel gc, windows-amd64)
Heap:
 PSYoungGen      total 34816K, used 15638K [0x00000000eab00000, 0x00000000ed480000, 0x0000000100000000)
  eden space 26624K, 30% used [0x00000000eab00000,0x00000000eb2fe228,0x00000000ec500000)
  from space 8192K, 90% used [0x00000000ec500000,0x00000000ecc47718,0x00000000ecd00000)
  to   space 7680K, 0% used [0x00000000ecd00000,0x00000000ecd00000,0x00000000ed480000)
 ParOldGen       total 177664K, used 135177K [0x00000000c0000000, 0x00000000cad80000, 0x00000000eab00000)
  object space 177664K, 76% used [0x00000000c0000000,0x00000000c84025a0,0x00000000cad80000)
 Metaspace       used 68761K, capacity 72277K, committed 72448K, reserved 1114112K
  class space    used 6647K, capacity 7874K, committed 7936K, reserved 1048576K
GC Heap History (10 events):
Event: 489.865 GC heap before
{Heap before GC invocations=64 (full 5):
 PSYoungGen      total 30208K, used 30158K [0x00000000eab00000, 0x00000000ed080000, 0x0000000100000000)
  eden space 24576K, 100% used [0x00000000eab00000,0x00000000ec300000,0x00000000ec300000)
  from space 5632K, 99% used [0x00000000ecb00000,0x00000000ed073b00,0x00000000ed080000)
  to   space 6144K, 0% used [0x00000000ec480000,0x00000000ec480000,0x00000000eca80000)
 ParOldGen       total 177664K, used 102113K [0x00000000c0000000, 0x00000000cad80000, 0x00000000eab00000)
  object space 177664K, 57% used [0x00000000c0000000,0x00000000c63b8570,0x00000000cad80000)
 Metaspace       used 67124K, capacity 70629K, committed 70784K, reserved 1112064K
  class space    used 6528K, capacity 7772K, committed 7808K, reserved 1048576K
}
Event: 489.873 GC heap after
{Heap after GC invocations=64 (full 5):
 PSYoungGen      total 31232K, used 6137K [0x00000000eab00000, 0x00000000ed280000, 0x0000000100000000)
  eden space 25088K, 0% used [0x00000000eab00000,0x00000000eab00000,0x00000000ec380000)
  from space 6144K, 99% used [0x00000000ec480000,0x00000000eca7e410,0x00000000eca80000)
  to   space 7680K, 0% used [0x00000000ecb00000,0x00000000ecb00000,0x00000000ed280000)
 ParOldGen       total 177664K, used 103097K [0x00000000c0000000, 0x00000000cad80000, 0x00000000eab00000)
  object space 177664K, 58% used [0x00000000c0000000,0x00000000c64ae570,0x00000000cad80000)
 Metaspace       used 67124K, capacity 70629K, committed 70784K, reserved 1112064K
  class space    used 6528K, capacity 7772K, committed 7808K, reserved 1048576K
}
Event: 494.639 GC heap before
{Heap before GC invocations=65 (full 5):
 PSYoungGen      total 31232K, used 31225K [0x00000000eab00000, 0x00000000ed280000, 0x0000000100000000)
  eden space 25088K, 100% used [0x00000000eab00000,0x00000000ec380000,0x00000000ec380000)
  from space 6144K, 99% used [0x00000000ec480000,0x00000000eca7e410,0x00000000eca80000)
  to   space 7680K, 0% used [0x00000000ecb00000,0x00000000ecb00000,0x00000000ed280000)
 ParOldGen       total 177664K, used 103097K [0x00000000c0000000, 0x00000000cad80000, 0x00000000eab00000)
  object space 177664K, 58% used [0x00000000c0000000,0x00000000c64ae570,0x00000000cad80000)
 Metaspace       used 67854K, capacity 71411K, committed 71552K, reserved 1114112K
  class space    used 6573K, capacity 7799K, committed 7808K, reserved 1048576K
}
Event: 494.647 GC heap after
{Heap after GC invocations=65 (full 5):
 PSYoungGen      total 32768K, used 6937K [0x00000000eab00000, 0x00000000ed200000, 0x0000000100000000)
  eden space 25600K, 0% used [0x00000000eab00000,0x00000000eab00000,0x00000000ec400000)
  from space 7168K, 96% used [0x00000000ecb00000,0x00000000ed1c6410,0x00000000ed200000)
  to   space 7168K, 0% used [0x00000000ec400000,0x00000000ec400000,0x00000000ecb00000)
 ParOldGen       total 177664K, used 103105K [0x00000000c0000000, 0x00000000cad80000, 0x00000000eab00000)
  object space 177664K, 58% used [0x00000000c0000000,0x00000000c64b0570,0x00000000cad80000)
 Metaspace       used 67854K, capacity 71411K, committed 71552K, reserved 1114112K
  class space    used 6573K, capacity 7799K, committed 7808K, reserved 1048576K
}
Event: 501.520 GC heap before
{Heap before GC invocations=66 (full 5):
 PSYoungGen      total 32768K, used 32537K [0x00000000eab00000, 0x00000000ed200000, 0x0000000100000000)
  eden space 25600K, 100% used [0x00000000eab00000,0x00000000ec400000,0x00000000ec400000)
  from space 7168K, 96% used [0x00000000ecb00000,0x00000000ed1c6410,0x00000000ed200000)
  to   space 7168K, 0% used [0x00000000ec400000,0x00000000ec400000,0x00000000ecb00000)
 ParOldGen       total 177664K, used 103105K [0x00000000c0000000, 0x00000000cad80000, 0x00000000eab00000)
  object space 177664K, 58% used [0x00000000c0000000,0x00000000c64b0570,0x00000000cad80000)
 Metaspace       used 68223K, capacity 71791K, committed 71936K, reserved 1114112K
  class space    used 6607K, capacity 7840K, committed 7936K, reserved 1048576K
}
Event: 501.532 GC heap after
{Heap after GC invocations=66 (full 5):
 PSYoungGen      total 32768K, used 7154K [0x00000000eab00000, 0x00000000ed680000, 0x0000000100000000)
  eden space 25600K, 0% used [0x00000000eab00000,0x00000000eab00000,0x00000000ec400000)
  from space 7168K, 99% used [0x00000000ec400000,0x00000000ecafcb88,0x00000000ecb00000)
  to   space 9216K, 0% used [0x00000000ecd80000,0x00000000ecd80000,0x00000000ed680000)
 ParOldGen       total 177664K, used 104449K [0x00000000c0000000, 0x00000000cad80000, 0x00000000eab00000)
  object space 177664K, 58% used [0x00000000c0000000,0x00000000c6600570,0x00000000cad80000)
 Metaspace       used 68223K, capacity 71791K, committed 71936K, reserved 1114112K
  class space    used 6607K, capacity 7840K, committed 7936K, reserved 1048576K
}
Event: 501.784 GC heap before
{Heap before GC invocations=67 (full 5):
 PSYoungGen      total 32768K, used 30594K [0x00000000eab00000, 0x00000000ed680000, 0x0000000100000000)
  eden space 25600K, 91% used [0x00000000eab00000,0x00000000ec1e3f70,0x00000000ec400000)
  from space 7168K, 99% used [0x00000000ec400000,0x00000000ecafcb88,0x00000000ecb00000)
  to   space 9216K, 0% used [0x00000000ecd80000,0x00000000ecd80000,0x00000000ed680000)
 ParOldGen       total 177664K, used 104449K [0x00000000c0000000, 0x00000000cad80000, 0x00000000eab00000)
  object space 177664K, 58% used [0x00000000c0000000,0x00000000c6600570,0x00000000cad80000)
 Metaspace       used 68729K, capacity 72277K, committed 72448K, reserved 1114112K
  class space    used 6645K, capacity 7874K, committed 7936K, reserved 1048576K
}
Event: 501.799 GC heap after
{Heap after GC invocations=67 (full 5):
 PSYoungGen      total 33792K, used 7440K [0x00000000eab00000, 0x00000000ed500000, 0x0000000100000000)
  eden space 26112K, 0% used [0x00000000eab00000,0x00000000eab00000,0x00000000ec480000)
  from space 7680K, 96% used [0x00000000ecd80000,0x00000000ed4c4298,0x00000000ed500000)
  to   space 8192K, 0% used [0x00000000ec500000,0x00000000ec500000,0x00000000ecd00000)
 ParOldGen       total 177664K, used 123649K [0x00000000c0000000, 0x00000000cad80000, 0x00000000eab00000)
  object space 177664K, 69% used [0x00000000c0000000,0x00000000c78c0590,0x00000000cad80000)
 Metaspace       used 68729K, capacity 72277K, committed 72448K, reserved 1114112K
  class space    used 6645K, capacity 7874K, committed 7936K, reserved 1048576K
}
Event: 502.127 GC heap before
{Heap before GC invocations=68 (full 5):
 PSYoungGen      total 33792K, used 27126K [0x00000000eab00000, 0x00000000ed500000, 0x0000000100000000)
  eden space 26112K, 75% used [0x00000000eab00000,0x00000000ebe395c8,0x00000000ec480000)
  from space 7680K, 96% used [0x00000000ecd80000,0x00000000ed4c4298,0x00000000ed500000)
  to   space 8192K, 0% used [0x00000000ec500000,0x00000000ec500000,0x00000000ecd00000)
 ParOldGen       total 177664K, used 123649K [0x00000000c0000000, 0x00000000cad80000, 0x00000000eab00000)
  object space 177664K, 69% used [0x00000000c0000000,0x00000000c78c0590,0x00000000cad80000)
 Metaspace       used 68750K, capacity 72277K, committed 72448K, reserved 1114112K
  class space    used 6646K, capacity 7874K, committed 7936K, reserved 1048576K
}
Event: 502.148 GC heap after
{Heap after GC invocations=68 (full 5):
 PSYoungGen      total 34816K, used 7453K [0x00000000eab00000, 0x00000000ed480000, 0x0000000100000000)
  eden space 26624K, 0% used [0x00000000eab00000,0x00000000eab00000,0x00000000ec500000)
  from space 8192K, 90% used [0x00000000ec500000,0x00000000ecc47718,0x00000000ecd00000)
  to   space 7680K, 0% used [0x00000000ecd00000,0x00000000ecd00000,0x00000000ed480000)
 ParOldGen       total 177664K, used 135177K [0x00000000c0000000, 0x00000000cad80000, 0x00000000eab00000)
  object space 177664K, 76% used [0x00000000c0000000,0x00000000c84025a0,0x00000000cad80000)
 Metaspace       used 68750K, capacity 72277K, committed 72448K, reserved 1114112K
  class space    used 6646K, capacity 7874K, committed 7936K, reserved 1048576K
}

