# JRE version: Java(TM) SE Runtime Environment 18.9 (11.0.12+8) (build 11.0.12+8-LTS-237)
# Java VM: Java HotSpot(TM) 64-Bit Server VM 18.9 (11.0.12+8-LTS-237, mixed mode, tiered, compressed oops, g1 gc, windows-amd64)
Heap:
 garbage-first heap   total 96256K, used 69867K [0x00000000c1200000, 0x0000000100000000)
  region size 1024K, 42 young (43008K), 3 survivors (3072K)
 Metaspace       used 77263K, capacity 79276K, committed 79488K, reserved 1118208K
  class space    used 9807K, capacity 10606K, committed 10624K, reserved 1048576K
GC Heap History (10 events):
Event: 134.560 GC heap before
{Heap before GC invocations=22 (full 0):
 garbage-first heap   total 114688K, used 62515K [0x00000000c1200000, 0x0000000100000000)
  region size 1024K, 43 young (44032K), 7 survivors (7168K)
 Metaspace       used 75919K, capacity 77843K, committed 78080K, reserved 1116160K
  class space    used 9736K, capacity 10493K, committed 10496K, reserved 1048576K
}
Event: 134.652 GC heap after
{Heap after GC invocations=23 (full 1):
 garbage-first heap   total 96256K, used 27147K [0x00000000c1200000, 0x0000000100000000)
  region size 1024K, 0 young (0K), 0 survivors (0K)
 Metaspace       used 75911K, capacity 77831K, committed 78080K, reserved 1116160K
  class space    used 9735K, capacity 10490K, committed 10496K, reserved 1048576K
}
Event: 136.078 GC heap before
{Heap before GC invocations=23 (full 1):
 garbage-first heap   total 96256K, used 69131K [0x00000000c1200000, 0x0000000100000000)
  region size 1024K, 42 young (43008K), 0 survivors (0K)
 Metaspace       used 76180K, capacity 78116K, committed 78208K, reserved 1116160K
  class space    used 9753K, capacity 10535K, committed 10624K, reserved 1048576K
}
Event: 136.082 GC heap after
{Heap after GC invocations=24 (full 1):
 garbage-first heap   total 96256K, used 30219K [0x00000000c1200000, 0x0000000100000000)
  region size 1024K, 3 young (3072K), 3 survivors (3072K)
 Metaspace       used 76180K, capacity 78116K, committed 78208K, reserved 1116160K
  class space    used 9753K, capacity 10535K, committed 10624K, reserved 1048576K
}
Event: 136.215 GC heap before
{Heap before GC invocations=24 (full 1):
 garbage-first heap   total 96256K, used 71179K [0x00000000c1200000, 0x0000000100000000)
  region size 1024K, 44 young (45056K), 3 survivors (3072K)
 Metaspace       used 76212K, capacity 78122K, committed 78464K, reserved 1118208K
  class space    used 9755K, capacity 10536K, committed 10624K, reserved 1048576K
}
Event: 136.219 GC heap after
{Heap after GC invocations=25 (full 1):
 garbage-first heap   total 96256K, used 29850K [0x00000000c1200000, 0x0000000100000000)
  region size 1024K, 3 young (3072K), 3 survivors (3072K)
 Metaspace       used 76212K, capacity 78122K, committed 78464K, reserved 1118208K
  class space    used 9755K, capacity 10536K, committed 10624K, reserved 1048576K
}
Event: 136.982 GC heap before
{Heap before GC invocations=25 (full 1):
 garbage-first heap   total 96256K, used 72858K [0x00000000c1200000, 0x0000000100000000)
  region size 1024K, 45 young (46080K), 3 survivors (3072K)
 Metaspace       used 76583K, capacity 78570K, committed 78720K, reserved 1118208K
  class space    used 9775K, capacity 10551K, committed 10624K, reserved 1048576K
}
Event: 136.988 GC heap after
{Heap after GC invocations=26 (full 1):
 garbage-first heap   total 96256K, used 31048K [0x00000000c1200000, 0x0000000100000000)
  region size 1024K, 4 young (4096K), 4 survivors (4096K)
 Metaspace       used 76583K, capacity 78570K, committed 78720K, reserved 1118208K
  class space    used 9775K, capacity 10551K, committed 10624K, reserved 1048576K
}
Event: 148.894 GC heap before
{Heap before GC invocations=26 (full 1):
 garbage-first heap   total 96256K, used 58696K [0x00000000c1200000, 0x0000000100000000)
  region size 1024K, 32 young (32768K), 4 survivors (4096K)
 Metaspace       used 77020K, capacity 79009K, committed 79232K, reserved 1118208K
  class space    used 9790K, capacity 10562K, committed 10624K, reserved 1048576K
}
Event: 148.986 GC heap after
{Heap after GC invocations=27 (full 2):
 garbage-first heap   total 96256K, used 29250K [0x00000000c1200000, 0x0000000100000000)
  region size 1024K, 0 young (0K), 0 survivors (0K)
 Metaspace       used 77017K, capacity 79003K, committed 79232K, reserved 1118208K
  class space    used 9790K, capacity 10561K, committed 10624K, reserved 1048576K
}

