# JRE version: Java(TM) SE Runtime Environment 18.9 (11.0.12+8) (build 11.0.12+8-LTS-237)
# Java VM: Java HotSpot(TM) 64-Bit Server VM 18.9 (11.0.12+8-LTS-237, mixed mode, tiered, compressed oops, parallel gc, windows-amd64)
Heap:
 PSYoungGen      total 39936K, used 34892K [0x00000000eab00000, 0x00000000ee380000, 0x0000000100000000)
  eden space 26112K, 80% used [0x00000000eab00000,0x00000000ebf97c38,0x00000000ec480000)
  from space 13824K, 99% used [0x00000000ed600000,0x00000000ee37b3c8,0x00000000ee380000)
  to   space 15872K, 0% used [0x00000000ec480000,0x00000000ec480000,0x00000000ed400000)
 ParOldGen       total 173568K, used 162207K [0x00000000c0000000, 0x00000000ca980000, 0x00000000eab00000)
  object space 173568K, 93% used [0x00000000c0000000,0x00000000c9e67e50,0x00000000ca980000)
 Metaspace       used 71387K, capacity 74993K, committed 75136K, reserved 1116160K
  class space    used 6884K, capacity 8212K, committed 8320K, reserved 1048576K
GC Heap History (10 events):
Event: 225.123 GC heap before
{Heap before GC invocations=66 (full 5):
 PSYoungGen      total 40960K, used 40936K [0x00000000eab00000, 0x00000000ee900000, 0x0000000100000000)
  eden space 26624K, 100% used [0x00000000eab00000,0x00000000ec500000,0x00000000ec500000)
  from space 14336K, 99% used [0x00000000ec800000,0x00000000ed5fa1e8,0x00000000ed600000)
  to   space 18432K, 0% used [0x00000000ed700000,0x00000000ed700000,0x00000000ee900000)
 ParOldGen       total 173568K, used 156602K [0x00000000c0000000, 0x00000000ca980000, 0x00000000eab00000)
  object space 173568K, 90% used [0x00000000c0000000,0x00000000c98eebe0,0x00000000ca980000)
 Metaspace       used 71279K, capacity 74799K, committed 75136K, reserved 1116160K
  class space    used 6884K, capacity 8212K, committed 8320K, reserved 1048576K
}
Event: 225.153 GC heap after
{Heap after GC invocations=66 (full 5):
 PSYoungGen      total 42496K, used 15939K [0x00000000eab00000, 0x00000000ee700000, 0x0000000100000000)
  eden space 26112K, 0% used [0x00000000eab00000,0x00000000eab00000,0x00000000ec480000)
  from space 16384K, 97% used [0x00000000ed700000,0x00000000ee690e18,0x00000000ee700000)
  to   space 16896K, 0% used [0x00000000ec600000,0x00000000ec600000,0x00000000ed680000)
 ParOldGen       total 173568K, used 160467K [0x00000000c0000000, 0x00000000ca980000, 0x00000000eab00000)
  object space 173568K, 92% used [0x00000000c0000000,0x00000000c9cb4de0,0x00000000ca980000)
 Metaspace       used 71279K, capacity 74799K, committed 75136K, reserved 1116160K
  class space    used 6884K, capacity 8212K, committed 8320K, reserved 1048576K
}
Event: 225.635 GC heap before
{Heap before GC invocations=67 (full 5):
 PSYoungGen      total 42496K, used 42051K [0x00000000eab00000, 0x00000000ee700000, 0x0000000100000000)
  eden space 26112K, 100% used [0x00000000eab00000,0x00000000ec480000,0x00000000ec480000)
  from space 16384K, 97% used [0x00000000ed700000,0x00000000ee690e18,0x00000000ee700000)
  to   space 16896K, 0% used [0x00000000ec600000,0x00000000ec600000,0x00000000ed680000)
 ParOldGen       total 173568K, used 160467K [0x00000000c0000000, 0x00000000ca980000, 0x00000000eab00000)
  object space 173568K, 92% used [0x00000000c0000000,0x00000000c9cb4de0,0x00000000ca980000)
 Metaspace       used 71308K, capacity 74863K, committed 75136K, reserved 1116160K
  class space    used 6884K, capacity 8212K, committed 8320K, reserved 1048576K
}
Event: 225.669 GC heap after
{Heap after GC invocations=67 (full 5):
 PSYoungGen      total 43008K, used 16746K [0x00000000eab00000, 0x00000000ee680000, 0x0000000100000000)
  eden space 26112K, 0% used [0x00000000eab00000,0x00000000eab00000,0x00000000ec480000)
  from space 16896K, 99% used [0x00000000ec600000,0x00000000ed65ab70,0x00000000ed680000)
  to   space 16384K, 0% used [0x00000000ed680000,0x00000000ed680000,0x00000000ee680000)
 ParOldGen       total 173568K, used 160467K [0x00000000c0000000, 0x00000000ca980000, 0x00000000eab00000)
  object space 173568K, 92% used [0x00000000c0000000,0x00000000c9cb4de0,0x00000000ca980000)
 Metaspace       used 71308K, capacity 74863K, committed 75136K, reserved 1116160K
  class space    used 6884K, capacity 8212K, committed 8320K, reserved 1048576K
}
Event: 227.029 GC heap before
{Heap before GC invocations=68 (full 5):
 PSYoungGen      total 43008K, used 42844K [0x00000000eab00000, 0x00000000ee680000, 0x0000000100000000)
  eden space 26112K, 99% used [0x00000000eab00000,0x00000000ec47c4c8,0x00000000ec480000)
  from space 16896K, 99% used [0x00000000ec600000,0x00000000ed65ab70,0x00000000ed680000)
  to   space 16384K, 0% used [0x00000000ed680000,0x00000000ed680000,0x00000000ee680000)
 ParOldGen       total 173568K, used 160467K [0x00000000c0000000, 0x00000000ca980000, 0x00000000eab00000)
  object space 173568K, 92% used [0x00000000c0000000,0x00000000c9cb4de0,0x00000000ca980000)
 Metaspace       used 71319K, capacity 74864K, committed 75136K, reserved 1116160K
  class space    used 6884K, capacity 8212K, committed 8320K, reserved 1048576K
}
Event: 227.050 GC heap after
{Heap after GC invocations=68 (full 5):
 PSYoungGen      total 42496K, used 16164K [0x00000000eab00000, 0x00000000ee680000, 0x0000000100000000)
  eden space 26112K, 0% used [0x00000000eab00000,0x00000000eab00000,0x00000000ec480000)
  from space 16384K, 98% used [0x00000000ed680000,0x00000000ee649148,0x00000000ee680000)
  to   space 16384K, 0% used [0x00000000ec680000,0x00000000ec680000,0x00000000ed680000)
 ParOldGen       total 173568K, used 160475K [0x00000000c0000000, 0x00000000ca980000, 0x00000000eab00000)
  object space 173568K, 92% used [0x00000000c0000000,0x00000000c9cb6de0,0x00000000ca980000)
 Metaspace       used 71319K, capacity 74864K, committed 75136K, reserved 1116160K
  class space    used 6884K, capacity 8212K, committed 8320K, reserved 1048576K
}
Event: 227.347 GC heap before
{Heap before GC invocations=69 (full 5):
 PSYoungGen      total 42496K, used 42276K [0x00000000eab00000, 0x00000000ee680000, 0x0000000100000000)
  eden space 26112K, 100% used [0x00000000eab00000,0x00000000ec480000,0x00000000ec480000)
  from space 16384K, 98% used [0x00000000ed680000,0x00000000ee649148,0x00000000ee680000)
  to   space 16384K, 0% used [0x00000000ec680000,0x00000000ec680000,0x00000000ed680000)
 ParOldGen       total 173568K, used 160475K [0x00000000c0000000, 0x00000000ca980000, 0x00000000eab00000)
  object space 173568K, 92% used [0x00000000c0000000,0x00000000c9cb6de0,0x00000000ca980000)
 Metaspace       used 71356K, capacity 74928K, committed 75136K, reserved 1116160K
  class space    used 6884K, capacity 8212K, committed 8320K, reserved 1048576K
}
Event: 227.366 GC heap after
{Heap after GC invocations=69 (full 5):
 PSYoungGen      total 41984K, used 15612K [0x00000000eab00000, 0x00000000ee380000, 0x0000000100000000)
  eden space 26112K, 0% used [0x00000000eab00000,0x00000000eab00000,0x00000000ec480000)
  from space 15872K, 98% used [0x00000000ec680000,0x00000000ed5bf3f8,0x00000000ed600000)
  to   space 13824K, 0% used [0x00000000ed600000,0x00000000ed600000,0x00000000ee380000)
 ParOldGen       total 173568K, used 160483K [0x00000000c0000000, 0x00000000ca980000, 0x00000000eab00000)
  object space 173568K, 92% used [0x00000000c0000000,0x00000000c9cb8de0,0x00000000ca980000)
 Metaspace       used 71356K, capacity 74928K, committed 75136K, reserved 1116160K
  class space    used 6884K, capacity 8212K, committed 8320K, reserved 1048576K
}
Event: 227.432 GC heap before
{Heap before GC invocations=70 (full 5):
 PSYoungGen      total 41984K, used 41724K [0x00000000eab00000, 0x00000000ee380000, 0x0000000100000000)
  eden space 26112K, 100% used [0x00000000eab00000,0x00000000ec480000,0x00000000ec480000)
  from space 15872K, 98% used [0x00000000ec680000,0x00000000ed5bf3f8,0x00000000ed600000)
  to   space 13824K, 0% used [0x00000000ed600000,0x00000000ed600000,0x00000000ee380000)
 ParOldGen       total 173568K, used 160483K [0x00000000c0000000, 0x00000000ca980000, 0x00000000eab00000)
  object space 173568K, 92% used [0x00000000c0000000,0x00000000c9cb8de0,0x00000000ca980000)
 Metaspace       used 71359K, capacity 74928K, committed 75136K, reserved 1116160K
  class space    used 6884K, capacity 8212K, committed 8320K, reserved 1048576K
}
Event: 227.452 GC heap after
{Heap after GC invocations=70 (full 5):
 PSYoungGen      total 39936K, used 13804K [0x00000000eab00000, 0x00000000ee380000, 0x0000000100000000)
  eden space 26112K, 0% used [0x00000000eab00000,0x00000000eab00000,0x00000000ec480000)
  from space 13824K, 99% used [0x00000000ed600000,0x00000000ee37b3c8,0x00000000ee380000)
  to   space 15872K, 0% used [0x00000000ec480000,0x00000000ec480000,0x00000000ed400000)
 ParOldGen       total 173568K, used 162207K [0x00000000c0000000, 0x00000000ca980000, 0x00000000eab00000)
  object space 173568K, 93% used [0x00000000c0000000,0x00000000c9e67e50,0x00000000ca980000)
 Metaspace       used 71359K, capacity 74928K, committed 75136K, reserved 1116160K
  class space    used 6884K, capacity 8212K, committed 8320K, reserved 1048576K
}

